2020-03-18 09:35:38.005  INFO 11840 --- [main] com.example.demo.DemoApplication         : Starting DemoApplication on WGH with PID 11840 (G:\development_environment\idea_Space\sofa-boot-demo\target\classes started by WGH in G:\development_environment\idea_Space\sofa-boot-demo)
2020-03-18 09:35:38.005  INFO 11840 --- [main] com.example.demo.DemoApplication         : No active profile set, falling back to default profiles: default
2020-03-18 09:35:38.630  INFO 11840 --- [main] trationDelegate$BeanPostProcessorChecker : Bean 'com.alipay.sofa.boot.autoconfigure.tracer.TracerAnnotationAutoConfiguration' of type [com.alipay.sofa.boot.autoconfigure.tracer.TracerAnnotationAutoConfiguration$$EnhancerBySpringCGLIB$$5734a7c6] is not eligible for getting processed by all BeanPostProcessors (for example: not eligible for auto-proxying)
2020-03-18 09:35:38.646  INFO 11840 --- [main] trationDelegate$BeanPostProcessorChecker : Bean 'com.alipay.sofa.tracer.zipkin-com.alipay.sofa.tracer.boot.zipkin.properties.ZipkinSofaTracerProperties' of type [com.alipay.sofa.tracer.boot.zipkin.properties.ZipkinSofaTracerProperties] is not eligible for getting processed by all BeanPostProcessors (for example: not eligible for auto-proxying)
2020-03-18 09:35:38.646  INFO 11840 --- [main] trationDelegate$BeanPostProcessorChecker : Bean 'com.alipay.sofa.boot.autoconfigure.tracer.ZipkinSofaTracerAutoConfiguration' of type [com.alipay.sofa.boot.autoconfigure.tracer.ZipkinSofaTracerAutoConfiguration$$EnhancerBySpringCGLIB$$c22b076f] is not eligible for getting processed by all BeanPostProcessors (for example: not eligible for auto-proxying)
2020-03-18 09:35:38.646  INFO 11840 --- [main] trationDelegate$BeanPostProcessorChecker : Bean 'zipkinSofaTracerRestTemplateCustomizer' of type [com.alipay.sofa.tracer.plugins.zipkin.ZipkinSofaTracerRestTemplateCustomizer] is not eligible for getting processed by all BeanPostProcessors (for example: not eligible for auto-proxying)
2020-03-18 09:35:38.662  INFO 11840 --- [main] trationDelegate$BeanPostProcessorChecker : Bean 'zipkinSofaTracerSpanReporter' of type [com.alipay.sofa.tracer.plugins.zipkin.ZipkinSofaTracerSpanRemoteReporter] is not eligible for getting processed by all BeanPostProcessors (for example: not eligible for auto-proxying)
2020-03-18 09:35:38.662  INFO 11840 --- [main] trationDelegate$BeanPostProcessorChecker : Bean 'com.alipay.sofa.boot.autoconfigure.tracer.SofaTracerAutoConfiguration' of type [com.alipay.sofa.boot.autoconfigure.tracer.SofaTracerAutoConfiguration$$EnhancerBySpringCGLIB$$6f6d0d5e] is not eligible for getting processed by all BeanPostProcessors (for example: not eligible for auto-proxying)
2020-03-18 09:35:38.662  INFO 11840 --- [main] trationDelegate$BeanPostProcessorChecker : Bean 'com.alipay.sofa.tracer-com.alipay.sofa.tracer.boot.properties.SofaTracerProperties' of type [com.alipay.sofa.tracer.boot.properties.SofaTracerProperties] is not eligible for getting processed by all BeanPostProcessors (for example: not eligible for auto-proxying)
2020-03-18 09:35:38.708  INFO 11840 --- [main] trationDelegate$BeanPostProcessorChecker : Bean 'tracer' of type [com.alipay.sofa.tracer.plugin.flexible.FlexibleTracer] is not eligible for getting processed by all BeanPostProcessors (for example: not eligible for auto-proxying)
2020-03-18 09:35:38.708  INFO 11840 --- [main] trationDelegate$BeanPostProcessorChecker : Bean 'sofaMethodInvocationProcessor' of type [com.alipay.sofa.tracer.boot.flexible.processor.SofaTracerMethodInvocationProcessor] is not eligible for getting processed by all BeanPostProcessors (for example: not eligible for auto-proxying)
2020-03-18 09:35:38.708  INFO 11840 --- [main] trationDelegate$BeanPostProcessorChecker : Bean 'sofaTracerIntroductionInterceptor' of type [com.alipay.sofa.tracer.boot.flexible.processor.SofaTracerIntroductionInterceptor] is not eligible for getting processed by all BeanPostProcessors (for example: not eligible for auto-proxying)
2020-03-18 09:35:38.880  INFO 11840 --- [main] o.s.b.w.embedded.tomcat.TomcatWebServer  : Tomcat initialized with port(s): 8080 (http)
2020-03-18 09:35:38.896  INFO 11840 --- [main] o.apache.catalina.core.StandardService   : Starting service [Tomcat]
2020-03-18 09:35:38.896  INFO 11840 --- [main] org.apache.catalina.core.StandardEngine  : Starting Servlet engine: [Apache Tomcat/9.0.31]
2020-03-18 09:35:38.974  INFO 11840 --- [main] o.a.c.c.C.[Tomcat].[localhost].[/]       : Initializing Spring embedded WebApplicationContext
2020-03-18 09:35:38.974  INFO 11840 --- [main] o.s.web.context.ContextLoader            : Root WebApplicationContext: initialization completed in 937 ms
2020-03-18 09:35:39.349  INFO 11840 --- [main] o.s.s.concurrent.ThreadPoolTaskExecutor  : Initializing ExecutorService 'applicationTaskExecutor'
2020-03-18 09:35:39.521  INFO 11840 --- [main] o.s.b.a.e.web.EndpointLinksResolver      : Exposing 4 endpoint(s) beneath base path '/actuator'
2020-03-18 09:35:39.568  INFO 11840 --- [main] o.s.b.w.embedded.tomcat.TomcatWebServer  : Tomcat started on port(s): 8080 (http) with context path ''
2020-03-18 09:35:39.568  INFO 11840 --- [main] com.example.demo.DemoApplication         : Started DemoApplication in 2.305 seconds (JVM running for 3.094)
2020-03-18 09:35:39.974  INFO 11840 --- [RMI TCP Connection(1)-2.0.1.9] o.a.c.c.C.[Tomcat].[localhost].[/]       : Initializing Spring DispatcherServlet 'dispatcherServlet'
2020-03-18 09:35:39.974  INFO 11840 --- [RMI TCP Connection(1)-2.0.1.9] o.s.web.servlet.DispatcherServlet        : Initializing Servlet 'dispatcherServlet'
2020-03-18 09:35:39.974  INFO 11840 --- [RMI TCP Connection(1)-2.0.1.9] o.s.web.servlet.DispatcherServlet        : Completed initialization in 0 ms
2020-03-18 09:43:27.850  INFO 11840 --- [Thread-7] o.s.s.concurrent.ThreadPoolTaskExecutor  : Shutting down ExecutorService 'applicationTaskExecutor'
2020-03-18 09:43:31.434  INFO 21308 --- [main] com.example.demo.DemoApplication         : Starting DemoApplication on WGH with PID 21308 (G:\development_environment\idea_Space\sofa-boot-demo\target\classes started by WGH in G:\development_environment\idea_Space\sofa-boot-demo)
2020-03-18 09:43:31.434  INFO 21308 --- [main] com.example.demo.DemoApplication         : No active profile set, falling back to default profiles: default
2020-03-18 09:43:32.012  INFO 21308 --- [main] trationDelegate$BeanPostProcessorChecker : Bean 'com.alipay.sofa.boot.autoconfigure.tracer.TracerAnnotationAutoConfiguration' of type [com.alipay.sofa.boot.autoconfigure.tracer.TracerAnnotationAutoConfiguration$$EnhancerBySpringCGLIB$$2607d1ad] is not eligible for getting processed by all BeanPostProcessors (for example: not eligible for auto-proxying)
2020-03-18 09:43:32.028  INFO 21308 --- [main] trationDelegate$BeanPostProcessorChecker : Bean 'com.alipay.sofa.tracer.zipkin-com.alipay.sofa.tracer.boot.zipkin.properties.ZipkinSofaTracerProperties' of type [com.alipay.sofa.tracer.boot.zipkin.properties.ZipkinSofaTracerProperties] is not eligible for getting processed by all BeanPostProcessors (for example: not eligible for auto-proxying)
2020-03-18 09:43:32.028  INFO 21308 --- [main] trationDelegate$BeanPostProcessorChecker : Bean 'com.alipay.sofa.boot.autoconfigure.tracer.ZipkinSofaTracerAutoConfiguration' of type [com.alipay.sofa.boot.autoconfigure.tracer.ZipkinSofaTracerAutoConfiguration$$EnhancerBySpringCGLIB$$90fe3156] is not eligible for getting processed by all BeanPostProcessors (for example: not eligible for auto-proxying)
2020-03-18 09:43:32.028  INFO 21308 --- [main] trationDelegate$BeanPostProcessorChecker : Bean 'zipkinSofaTracerRestTemplateCustomizer' of type [com.alipay.sofa.tracer.plugins.zipkin.ZipkinSofaTracerRestTemplateCustomizer] is not eligible for getting processed by all BeanPostProcessors (for example: not eligible for auto-proxying)
2020-03-18 09:43:32.043  INFO 21308 --- [main] trationDelegate$BeanPostProcessorChecker : Bean 'zipkinSofaTracerSpanReporter' of type [com.alipay.sofa.tracer.plugins.zipkin.ZipkinSofaTracerSpanRemoteReporter] is not eligible for getting processed by all BeanPostProcessors (for example: not eligible for auto-proxying)
2020-03-18 09:43:32.043  INFO 21308 --- [main] trationDelegate$BeanPostProcessorChecker : Bean 'com.alipay.sofa.boot.autoconfigure.tracer.SofaTracerAutoConfiguration' of type [com.alipay.sofa.boot.autoconfigure.tracer.SofaTracerAutoConfiguration$$EnhancerBySpringCGLIB$$3e403745] is not eligible for getting processed by all BeanPostProcessors (for example: not eligible for auto-proxying)
2020-03-18 09:43:32.059  INFO 21308 --- [main] trationDelegate$BeanPostProcessorChecker : Bean 'com.alipay.sofa.tracer-com.alipay.sofa.tracer.boot.properties.SofaTracerProperties' of type [com.alipay.sofa.tracer.boot.properties.SofaTracerProperties] is not eligible for getting processed by all BeanPostProcessors (for example: not eligible for auto-proxying)
2020-03-18 09:43:32.075  INFO 21308 --- [main] trationDelegate$BeanPostProcessorChecker : Bean 'tracer' of type [com.alipay.sofa.tracer.plugin.flexible.FlexibleTracer] is not eligible for getting processed by all BeanPostProcessors (for example: not eligible for auto-proxying)
2020-03-18 09:43:32.075  INFO 21308 --- [main] trationDelegate$BeanPostProcessorChecker : Bean 'sofaMethodInvocationProcessor' of type [com.alipay.sofa.tracer.boot.flexible.processor.SofaTracerMethodInvocationProcessor] is not eligible for getting processed by all BeanPostProcessors (for example: not eligible for auto-proxying)
2020-03-18 09:43:32.075  INFO 21308 --- [main] trationDelegate$BeanPostProcessorChecker : Bean 'sofaTracerIntroductionInterceptor' of type [com.alipay.sofa.tracer.boot.flexible.processor.SofaTracerIntroductionInterceptor] is not eligible for getting processed by all BeanPostProcessors (for example: not eligible for auto-proxying)
2020-03-18 09:43:32.231  INFO 21308 --- [main] o.s.b.w.embedded.tomcat.TomcatWebServer  : Tomcat initialized with port(s): 8080 (http)
2020-03-18 09:43:32.246  INFO 21308 --- [main] o.apache.catalina.core.StandardService   : Starting service [Tomcat]
2020-03-18 09:43:32.246  INFO 21308 --- [main] org.apache.catalina.core.StandardEngine  : Starting Servlet engine: [Apache Tomcat/9.0.31]
2020-03-18 09:43:32.324  INFO 21308 --- [main] o.a.c.c.C.[Tomcat].[localhost].[/]       : Initializing Spring embedded WebApplicationContext
2020-03-18 09:43:32.324  INFO 21308 --- [main] o.s.web.context.ContextLoader            : Root WebApplicationContext: initialization completed in 874 ms
2020-03-18 09:43:32.715  INFO 21308 --- [main] o.s.s.concurrent.ThreadPoolTaskExecutor  : Initializing ExecutorService 'applicationTaskExecutor'
2020-03-18 09:43:32.871  INFO 21308 --- [main] o.s.b.a.e.web.EndpointLinksResolver      : Exposing 4 endpoint(s) beneath base path '/actuator'
2020-03-18 09:43:32.934  INFO 21308 --- [main] o.s.b.w.embedded.tomcat.TomcatWebServer  : Tomcat started on port(s): 8080 (http) with context path ''
2020-03-18 09:43:32.934  INFO 21308 --- [main] com.example.demo.DemoApplication         : Started DemoApplication in 2.203 seconds (JVM running for 2.999)
2020-03-18 09:43:33.402  INFO 21308 --- [RMI TCP Connection(2)-2.0.1.9] o.a.c.c.C.[Tomcat].[localhost].[/]       : Initializing Spring DispatcherServlet 'dispatcherServlet'
2020-03-18 09:43:33.402  INFO 21308 --- [RMI TCP Connection(2)-2.0.1.9] o.s.web.servlet.DispatcherServlet        : Initializing Servlet 'dispatcherServlet'
2020-03-18 09:43:33.402  INFO 21308 --- [RMI TCP Connection(2)-2.0.1.9] o.s.web.servlet.DispatcherServlet        : Completed initialization in 0 ms
2020-03-18 11:11:35.733  INFO 21308 --- [Thread-7] o.s.s.concurrent.ThreadPoolTaskExecutor  : Shutting down ExecutorService 'applicationTaskExecutor'
